Using pre-set license
Built from '2022.3/staging' branch; Version is '2022.3.11f1 (d00248457e15) revision 13632072'; Using compiler version '192829333'; Build Type 'Release'
OS: 'Windows 11  (10.0.22621) 64bit Professional' Language: 'en' Physical Memory: 7973 MB
BatchMode: 1, IsHumanControllingUs: 0, StartBugReporterOnCrash: 0, Is64bit: 1, IsPro: 1

COMMAND LINE ARGUMENTS:
C:\Program Files\Unity\Hub\Editor\2022.3.11f1\Editor\Unity.exe
-adb2
-batchMode
-noUpm
-name
AssetImportWorker0
-projectPath
C:/Users/obait/Documents/GitHub/OctoberGame/OctoberGame
-logFile
Logs/AssetImportWorker0.log
-srvPort
51522
Successfully changed project path to: C:/Users/obait/Documents/GitHub/OctoberGame/OctoberGame
C:/Users/obait/Documents/GitHub/OctoberGame/OctoberGame
[UnityMemory] Configuration Parameters - Can be set up in boot.config
    "memorysetup-bucket-allocator-granularity=16"
    "memorysetup-bucket-allocator-bucket-count=8"
    "memorysetup-bucket-allocator-block-size=33554432"
    "memorysetup-bucket-allocator-block-count=8"
    "memorysetup-main-allocator-block-size=16777216"
    "memorysetup-thread-allocator-block-size=16777216"
    "memorysetup-gfx-main-allocator-block-size=16777216"
    "memorysetup-gfx-thread-allocator-block-size=16777216"
    "memorysetup-cache-allocator-block-size=4194304"
    "memorysetup-typetree-allocator-block-size=2097152"
    "memorysetup-profiler-bucket-allocator-granularity=16"
    "memorysetup-profiler-bucket-allocator-bucket-count=8"
    "memorysetup-profiler-bucket-allocator-block-size=33554432"
    "memorysetup-profiler-bucket-allocator-block-count=8"
    "memorysetup-profiler-allocator-block-size=16777216"
    "memorysetup-profiler-editor-allocator-block-size=1048576"
    "memorysetup-temp-allocator-size-main=16777216"
    "memorysetup-job-temp-allocator-block-size=2097152"
    "memorysetup-job-temp-allocator-block-size-background=1048576"
    "memorysetup-job-temp-allocator-reduction-small-platforms=262144"
    "memorysetup-allocator-temp-initial-block-size-main=262144"
    "memorysetup-allocator-temp-initial-block-size-worker=262144"
    "memorysetup-temp-allocator-size-background-worker=32768"
    "memorysetup-temp-allocator-size-job-worker=262144"
    "memorysetup-temp-allocator-size-preload-manager=33554432"
    "memorysetup-temp-allocator-size-nav-mesh-worker=65536"
    "memorysetup-temp-allocator-size-audio-worker=65536"
    "memorysetup-temp-allocator-size-cloud-worker=32768"
    "memorysetup-temp-allocator-size-gi-baking-worker=262144"
    "memorysetup-temp-allocator-size-gfx=262144"
Player connection [21472] Host "[IP] 192.168.59.1 [Port] 0 [Flags] 2 [Guid] 3635308534 [EditorId] 3635308534 [Version] 1048832 [Id] WindowsEditor(7,LAPTOP-6Q4CPAK2) [Debug] 1 [PackageName] WindowsEditor [ProjectName] Editor" joined multi-casting on [225.0.0.222:54997]...

Player connection [21472] Host "[IP] 192.168.59.1 [Port] 0 [Flags] 2 [Guid] 3635308534 [EditorId] 3635308534 [Version] 1048832 [Id] WindowsEditor(7,LAPTOP-6Q4CPAK2) [Debug] 1 [PackageName] WindowsEditor [ProjectName] Editor" joined alternative multi-casting on [225.0.0.222:34997]...

[Physics::Module] Initialized MultithreadedJobDispatcher with 3 workers.
Refreshing native plugins compatible for Editor in 74.06 ms, found 4 plugins.
Preloading 0 native plugins for Editor in 0.00 ms.
Initialize engine version: 2022.3.11f1 (d00248457e15)
[Subsystems] Discovering subsystems at path C:/Program Files/Unity/Hub/Editor/2022.3.11f1/Editor/Data/Resources/UnitySubsystems
[Subsystems] Discovering subsystems at path C:/Users/obait/Documents/GitHub/OctoberGame/OctoberGame/Assets
GfxDevice: creating device client; threaded=0; jobified=0
Direct3D:
    Version:  Direct3D 11.0 [level 11.1]
    Renderer: Intel(R) UHD Graphics (ID=0x8a56)
    Vendor:   Intel
    VRAM:     3986 MB
    Driver:   27.20.100.8935
Initialize mono
Mono path[0] = 'C:/Program Files/Unity/Hub/Editor/2022.3.11f1/Editor/Data/Managed'
Mono path[1] = 'C:/Program Files/Unity/Hub/Editor/2022.3.11f1/Editor/Data/MonoBleedingEdge/lib/mono/unityjit-win32'
Mono config path = 'C:/Program Files/Unity/Hub/Editor/2022.3.11f1/Editor/Data/MonoBleedingEdge/etc'
Using monoOptions --debugger-agent=transport=dt_socket,embedding=1,server=y,suspend=n,address=127.0.0.1:56052
Begin MonoManager ReloadAssembly
Registering precompiled unity dll's ...
Register platform support module: C:/Program Files/Unity/Hub/Editor/2022.3.11f1/Editor/Data/PlaybackEngines/WebGLSupport/UnityEditor.WebGL.Extensions.dll
Register platform support module: C:/Program Files/Unity/Hub/Editor/2022.3.11f1/Editor/Data/PlaybackEngines/WindowsStandaloneSupport/UnityEditor.WindowsStandalone.Extensions.dll
Registered in 0.022752 seconds.
- Loaded All Assemblies, in  1.368 seconds
Native extension for WindowsStandalone target not found
Native extension for WebGL target not found
Mono: successfully reloaded assembly
- Finished resetting the current domain, in  0.431 seconds
Domain Reload Profiling: 1795ms
	BeginReloadAssembly (715ms)
		ExecutionOrderSort (0ms)
		DisableScriptedObjects (0ms)
		BackupInstance (0ms)
		ReleaseScriptingObjects (0ms)
		CreateAndSetChildDomain (3ms)
	RebuildCommonClasses (104ms)
	RebuildNativeTypeToScriptingClass (28ms)
	initialDomainReloadingComplete (206ms)
	LoadAllAssembliesAndSetupDomain (311ms)
		LoadAssemblies (709ms)
		RebuildTransferFunctionScriptingTraits (0ms)
		AnalyzeDomain (304ms)
			TypeCache.Refresh (301ms)
				TypeCache.ScanAssembly (272ms)
			ScanForSourceGeneratedMonoScriptInfo (1ms)
			ResolveRequiredComponents (1ms)
	FinalizeReload (431ms)
		ReleaseScriptCaches (0ms)
		RebuildScriptCaches (0ms)
		SetupLoadedEditorAssemblies (320ms)
			LogAssemblyErrors (0ms)
			InitializePlatformSupportModulesInManaged (14ms)
			SetLoadedEditorAssemblies (7ms)
			RefreshPlugins (0ms)
			BeforeProcessingInitializeOnLoad (3ms)
			ProcessInitializeOnLoadAttributes (221ms)
			ProcessInitializeOnLoadMethodAttributes (74ms)
			AfterProcessingInitializeOnLoad (0ms)
			EditorAssembliesLoaded (0ms)
		ExecutionOrderSort2 (0ms)
		AwakeInstancesAfterBackupRestoration (0ms)
========================================================================
Worker process is ready to serve import requests
Begin MonoManager ReloadAssembly
- Loaded All Assemblies, in  5.082 seconds
Refreshing native plugins compatible for Editor in 22.80 ms, found 4 plugins.
Native extension for WindowsStandalone target not found
Native extension for WebGL target not found
Package Manager log level set to [2]
[Package Manager] Server::EnsureServerProcessIsRunning -- launch failed, reason: Unity was launched with the -noUpm command-line argument
[Package Manager] UpmClient::Send -- Unable to send message (not connected to UPM process).
[Package Manager] Cannot connect to Unity Package Manager local server
Mono: successfully reloaded assembly
- Finished resetting the current domain, in 10.231 seconds
Domain Reload Profiling: 15282ms
	BeginReloadAssembly (952ms)
		ExecutionOrderSort (0ms)
		DisableScriptedObjects (22ms)
		BackupInstance (0ms)
		ReleaseScriptingObjects (2ms)
		CreateAndSetChildDomain (238ms)
	RebuildCommonClasses (244ms)
	RebuildNativeTypeToScriptingClass (128ms)
	initialDomainReloadingComplete (618ms)
	LoadAllAssembliesAndSetupDomain (3107ms)
		LoadAssemblies (2420ms)
		RebuildTransferFunctionScriptingTraits (0ms)
		AnalyzeDomain (1232ms)
			TypeCache.Refresh (1014ms)
				TypeCache.ScanAssembly (953ms)
			ScanForSourceGeneratedMonoScriptInfo (145ms)
			ResolveRequiredComponents (70ms)
	FinalizeReload (10232ms)
		ReleaseScriptCaches (0ms)
		RebuildScriptCaches (0ms)
		SetupLoadedEditorAssemblies (6012ms)
			LogAssemblyErrors (0ms)
			InitializePlatformSupportModulesInManaged (34ms)
			SetLoadedEditorAssemblies (27ms)
			RefreshPlugins (0ms)
			BeforeProcessingInitializeOnLoad (506ms)
			ProcessInitializeOnLoadAttributes (4465ms)
			ProcessInitializeOnLoadMethodAttributes (863ms)
			AfterProcessingInitializeOnLoad (114ms)
			EditorAssembliesLoaded (4ms)
		ExecutionOrderSort2 (0ms)
		AwakeInstancesAfterBackupRestoration (112ms)
Launched and connected shader compiler UnityShaderCompiler.exe after 0.25 seconds
Refreshing native plugins compatible for Editor in 25.98 ms, found 4 plugins.
Preloading 0 native plugins for Editor in 0.00 ms.
Unloading 5811 Unused Serialized files (Serialized files now loaded: 0)
Unloading 98 unused Assets / (421.5 KB). Loaded Objects now: 6269.
Memory consumption went from 222.4 MB to 221.9 MB.
Total: 25.219300 ms (FindLiveObjects: 3.838900 ms CreateObjectMapping: 5.260700 ms MarkObjects: 15.784800 ms  DeleteObjects: 0.333100 ms)

AssetImportParameters requested are different than current active one (requested -> active):
  custom:container-demuxer-ogg: 62fdf1f143b41e24485cea50d1cbac27 -> 
  custom:video-decoder-ogg-theora: a1e56fd34408186e4bbccfd4996cb3dc -> 
  custom:framework-win-MediaFoundation: 216162199b28c13a410421893ffa2e32 -> 
  custom:CustomObjectIndexerAttribute: a3ef5dd2817f97addfee359851a9dba5 -> 
  custom:container-demuxer-webm: 4f35f7cbe854078d1ac9338744f61a02 -> 
  custom:container-muxer-webm: aa71ff27fc2769a1b78a27578f13a17b -> 
  custom:video-decoder-webm-vp8: 9c59270c3fd7afecdb556c50c9e8de78 -> 
  custom:SearchIndexIgnoredProperties: e643bd26f0fe6173181afceb89e7c659 -> 
  custom:AudioImporter_EditorPlatform: d09bf68614088b80899f8185d706f6e7 -> 
  custom:video-encoder-webm-vp8: eb34c28f22e8b96e1ab97ce403110664 -> 
  custom:audio-decoder-ogg-vorbis: bf7c407c2cedff20999df2af8eb42d56 -> 
  custom:audio-encoder-webm-vorbis: bf7c407c2cedff20999df2af8eb42d56 -> 
========================================================================
Received Import Request.
  Time since last request: 211003.727156 seconds.
  path: Assets/New Palette.prefab
  artifactKey: Guid(a2dce782e6639b94995b1250cc0418f8) Importer(815301076,1909f56bfc062723c751e8b465ee728b)
Start importing Assets/New Palette.prefab using Guid(a2dce782e6639b94995b1250cc0418f8) Importer(815301076,1909f56bfc062723c751e8b465ee728b)  -> (artifact id: '0df54bf2c2584a7eec169cd302459749') in 1.901437 seconds
Number of updated asset objects reloaded before import = 0
Number of asset objects unloaded after import = 15
========================================================================
Received Import Request.
  Time since last request: 0.000081 seconds.
  path: Assets/Circle.png
  artifactKey: Guid(7b3dc0a94b2bf3747aff670727f11627) Importer(815301076,1909f56bfc062723c751e8b465ee728b)
Start importing Assets/Circle.png using Guid(7b3dc0a94b2bf3747aff670727f11627) Importer(815301076,1909f56bfc062723c751e8b465ee728b) 
=================================================================
	Native Crash Reporting
=================================================================
Got a UNKNOWN while executing native code. This usually indicates
a fatal error in the mono runtime or one of the native libraries 
used by your application.
=================================================================

=================================================================
	Managed Stacktrace:
=================================================================
	  at <unknown> <0xffffffff>
	  at UnityEngine.Graphics:Blit2 <0x00094>
	  at UnityEngine.Graphics:Blit <0x00022>
	  at UnityEditor.TextureInspector:RenderStaticPreview <0x00652>
	  at UnityEditor.AssetPreviewUpdater:CreatePreview <0x001d4>
	  at UnityEditor.AssetPreviewUpdater:CreatePreviewForAsset <0x00042>
	  at <Module>:runtime_invoke_object_object_object_object <0x0008f>
=================================================================
Received signal SIGSEGV
Obtained 46 stack frames
0x00007fffa7b37909 (igd10iumd64) OpenAdapter10_2
0x00007fffa7b359dc (igd10iumd64) OpenAdapter10_2
0x00007fffa7b3589d (igd10iumd64) OpenAdapter10_2
0x00007fffa78a61c0 (igd10iumd64) 
0x00007fffa7914ea4 (igd10iumd64) 
0x00007fffb5ad1e59 (d3d11) CreateDirect3D11SurfaceFromDXGISurface
0x00007ff6ab1d18d4 (Unity) GfxDeviceD3D11Base::DrawBufferRangesPlatform
0x00007ff6aaaee2bd (Unity) SinglePassStereoSupportExt::DrawBuffersStereo
0x00007ff6ab1d1ae7 (Unity) GfxDeviceD3D11Base::DrawBuffers
0x00007ff6aabf8750 (Unity) DynamicVBO::DrawChunk
0x00007ff6aaa567ea (Unity) ImageFilters::Blit
0x00007ff6aaa5629f (Unity) ImageFilters::Blit
0x00007ff6aaa55b2f (Unity) ImageFilters::Blit
0x00007ff6aab64326 (Unity) GraphicsScripting::Blit
0x00007ff6aa06f65d (Unity) Graphics_CUSTOM_Blit2
0x00000154ff96e525 (Mono JIT Code) (wrapper managed-to-native) UnityEngine.Graphics:Blit2 (UnityEngine.Texture,UnityEngine.RenderTexture)
0x00000154ff96e443 (Mono JIT Code) UnityEngine.Graphics:Blit (UnityEngine.Texture,UnityEngine.RenderTexture)
0x00000154ff96c673 (Mono JIT Code) UnityEditor.TextureInspector:RenderStaticPreview (string,UnityEngine.Object[],int,int)
0x000001549e8bc025 (Mono JIT Code) UnityEditor.AssetPreviewUpdater:CreatePreview (UnityEngine.Object,UnityEngine.Object[],string,int,int)
0x000001549e8bbba3 (Mono JIT Code) UnityEditor.AssetPreviewUpdater:CreatePreviewForAsset (UnityEngine.Object,UnityEngine.Object[],string)
0x000001549e8bbd80 (Mono JIT Code) (wrapper runtime-invoke) <Module>:runtime_invoke_object_object_object_object (object,intptr,intptr,intptr)
0x00007fff2f394b6e (mono-2.0-bdwgc) mono_jit_runtime_invoke (at C:/build/output/Unity-Technologies/mono/mono/mini/mini-runtime.c:3445)
0x00007fff2f2cd204 (mono-2.0-bdwgc) do_runtime_invoke (at C:/build/output/Unity-Technologies/mono/mono/metadata/object.c:3066)
0x00007fff2f2cd37c (mono-2.0-bdwgc) mono_runtime_invoke (at C:/build/output/Unity-Technologies/mono/mono/metadata/object.c:3113)
0x00007ff6ab06e504 (Unity) scripting_method_invoke
0x00007ff6ab04c5d4 (Unity) ScriptingInvocation::Invoke
0x00007ff6ac40d33d (Unity) MonoCreateAssetPreview
0x00007ff6ac40c130 (Unity) WriteAssetPreviewToFile
0x00007ff6ac40c8c3 (Unity) WritePreviews
0x00007ff6ac4037ff (Unity) PreviewImporter::GenerateAssetData
0x00007ff6ac44dd65 (Unity) ImportToObjects
0x00007ff6ac44cd4c (Unity) ImportAsset
0x00007ff6ac471ba8 (Unity) AssetImportWorker::Import
0x00007ff6ac4d9652 (Unity) <lambda_183697078dc22ecb201e4599e9982eaf>::operator()
0x00007ff6ac515912 (Unity) asio::detail::completion_handler<core::mutable_function<void __cdecl(void)>,asio::io_context::basic_executor_type<std::allocator<void>,0> >::do_complete
0x00007ff6ac5018be (Unity) asio::detail::win_iocp_io_context::do_one
0x00007ff6ac503524 (Unity) asio::detail::win_iocp_io_context::run
0x00007ff6ac513cbc (Unity) IOService::Run
0x00007ff6ac4e7edf (Unity) AssetImportWorkerClient::Run
0x00007ff6ac4b2aa7 (Unity) RunAssetImportWorkerClientV2
0x00007ff6ac4b2b2b (Unity) RunAssetImporterV2
0x00007ff6abcb3a83 (Unity) Application::InitializeProject
0x00007ff6ac13cdd5 (Unity) WinMain
0x00007ff6ad5203ee (Unity) __scrt_common_main_seh
0x00007fffbb43257d (KERNEL32) BaseThreadInitThunk
0x00007fffbd66aa78 (ntdll) RtlUserThreadStart

